	Returning: github.com/madlitz/go-dsl/json.Scan.func1
Returning: github.com/madlitz/go-dsl/json.Scan
Line 2:
	Returning: github.com/madlitz/go-dsl/json.skipWhitespace
	Returning: github.com/madlitz/go-dsl/json.stringLiteral
Returning: github.com/madlitz/go-dsl/json.Scan
	Returning: github.com/madlitz/go-dsl/json.Scan.func5
Returning: github.com/madlitz/go-dsl/json.Scan
	Returning: github.com/madlitz/go-dsl/json.skipWhitespace
	Returning: github.com/madlitz/go-dsl/json.stringLiteral
Returning: github.com/madlitz/go-dsl/json.Scan
	Returning: github.com/madlitz/go-dsl/json.parseValue
Returning: github.com/madlitz/go-dsl/json.parseMember
	Returning: github.com/madlitz/go-dsl/json.Scan.func6
Returning: github.com/madlitz/go-dsl/json.Scan
Line 3:
	Returning: github.com/madlitz/go-dsl/json.skipWhitespace
	Returning: github.com/madlitz/go-dsl/json.skipWhitespace
	Returning: github.com/madlitz/go-dsl/json.stringLiteral
Returning: github.com/madlitz/go-dsl/json.Scan
	Returning: github.com/madlitz/go-dsl/json.Scan.func5
Returning: github.com/madlitz/go-dsl/json.Scan
	Returning: github.com/madlitz/go-dsl/json.skipWhitespace
	Returning: github.com/madlitz/go-dsl/json.number
Returning: github.com/madlitz/go-dsl/json.Scan
	Returning: github.com/madlitz/go-dsl/json.parseValue
Returning: github.com/madlitz/go-dsl/json.parseMember
	Returning: github.com/madlitz/go-dsl/json.Scan.func6
Returning: github.com/madlitz/go-dsl/json.Scan
Line 4:
	Returning: github.com/madlitz/go-dsl/json.skipWhitespace
	Returning: github.com/madlitz/go-dsl/json.stringLiteral
Returning: github.com/madlitz/go-dsl/json.Scan
	Returning: github.com/madlitz/go-dsl/json.Scan.func5
Returning: github.com/madlitz/go-dsl/json.Scan
	Returning: github.com/madlitz/go-dsl/json.skipWhitespace
	Returning: github.com/madlitz/go-dsl/json.literal
Returning: github.com/madlitz/go-dsl/json.Scan
	Returning: github.com/madlitz/go-dsl/json.parseValue
Returning: github.com/madlitz/go-dsl/json.parseMember
	Returning: github.com/madlitz/go-dsl/json.Scan.func6
Returning: github.com/madlitz/go-dsl/json.Scan
Line 5:
	Returning: github.com/madlitz/go-dsl/json.skipWhitespace
	Returning: github.com/madlitz/go-dsl/json.skipWhitespace
	Returning: github.com/madlitz/go-dsl/json.stringLiteral
Returning: github.com/madlitz/go-dsl/json.Scan
	Returning: github.com/madlitz/go-dsl/json.Scan.func5
Returning: github.com/madlitz/go-dsl/json.Scan
	Returning: github.com/madlitz/go-dsl/json.skipWhitespace
	Returning: github.com/madlitz/go-dsl/json.literal
Returning: github.com/madlitz/go-dsl/json.Scan
	Returning: github.com/madlitz/go-dsl/json.parseValue
Returning: github.com/madlitz/go-dsl/json.parseMember
	Returning: github.com/madlitz/go-dsl/json.Scan.func6
Returning: github.com/madlitz/go-dsl/json.Scan
Line 6:
	Returning: github.com/madlitz/go-dsl/json.skipWhitespace
	Returning: github.com/madlitz/go-dsl/json.skipWhitespace
	Returning: github.com/madlitz/go-dsl/json.stringLiteral
Returning: github.com/madlitz/go-dsl/json.Scan
	Returning: github.com/madlitz/go-dsl/json.Scan.func5
Returning: github.com/madlitz/go-dsl/json.Scan
	Returning: github.com/madlitz/go-dsl/json.skipWhitespace
	Returning: github.com/madlitz/go-dsl/json.Scan.func1
Returning: github.com/madlitz/go-dsl/json.Scan
Line 7:
	Returning: github.com/madlitz/go-dsl/json.skipWhitespace
	Returning: github.com/madlitz/go-dsl/json.skipWhitespace
	Returning: github.com/madlitz/go-dsl/json.skipWhitespace
	Returning: github.com/madlitz/go-dsl/json.stringLiteral
Returning: github.com/madlitz/go-dsl/json.Scan
	Returning: github.com/madlitz/go-dsl/json.Scan.func5
Returning: github.com/madlitz/go-dsl/json.Scan
	Returning: github.com/madlitz/go-dsl/json.skipWhitespace
	Returning: github.com/madlitz/go-dsl/json.stringLiteral
Returning: github.com/madlitz/go-dsl/json.Scan
	Returning: github.com/madlitz/go-dsl/json.parseValue
Returning: github.com/madlitz/go-dsl/json.parseMember
Line 8:
	Returning: github.com/madlitz/go-dsl/json.skipWhitespace
	Returning: github.com/madlitz/go-dsl/json.skipWhitespace
	Returning: github.com/madlitz/go-dsl/json.Scan.func2
Returning: github.com/madlitz/go-dsl/json.Scan
	Returning: github.com/madlitz/go-dsl/json.closeNode
Returning: github.com/madlitz/go-dsl/json.parseObject
Returning: github.com/madlitz/go-dsl/json.parseMember
	Returning: github.com/madlitz/go-dsl/json.Scan.func6
Returning: github.com/madlitz/go-dsl/json.Scan
Line 9:
	Returning: github.com/madlitz/go-dsl/json.skipWhitespace
	Returning: github.com/madlitz/go-dsl/json.skipWhitespace
	Returning: github.com/madlitz/go-dsl/json.stringLiteral
Returning: github.com/madlitz/go-dsl/json.Scan
	Returning: github.com/madlitz/go-dsl/json.Scan.func5
Returning: github.com/madlitz/go-dsl/json.Scan
	Returning: github.com/madlitz/go-dsl/json.skipWhitespace
	Returning: github.com/madlitz/go-dsl/json.Scan.func3
Returning: github.com/madlitz/go-dsl/json.Scan
	Returning: github.com/madlitz/go-dsl/json.number
Returning: github.com/madlitz/go-dsl/json.Scan
	Returning: github.com/madlitz/go-dsl/json.parseValue
	Returning: github.com/madlitz/go-dsl/json.Scan.func6
Returning: github.com/madlitz/go-dsl/json.Scan
	Returning: github.com/madlitz/go-dsl/json.skipWhitespace
	Returning: github.com/madlitz/go-dsl/json.number
Returning: github.com/madlitz/go-dsl/json.Scan
	Returning: github.com/madlitz/go-dsl/json.parseValue
	Returning: github.com/madlitz/go-dsl/json.Scan.func6
Returning: github.com/madlitz/go-dsl/json.Scan
	Returning: github.com/madlitz/go-dsl/json.skipWhitespace
	Returning: github.com/madlitz/go-dsl/json.number
Returning: github.com/madlitz/go-dsl/json.Scan
	Returning: github.com/madlitz/go-dsl/json.parseValue
	Returning: github.com/madlitz/go-dsl/json.Scan.func6
Returning: github.com/madlitz/go-dsl/json.Scan
	Returning: github.com/madlitz/go-dsl/json.skipWhitespace
	Returning: github.com/madlitz/go-dsl/json.stringLiteral
Returning: github.com/madlitz/go-dsl/json.Scan
	Returning: github.com/madlitz/go-dsl/json.parseValue
	Returning: github.com/madlitz/go-dsl/json.Scan.func4
Returning: github.com/madlitz/go-dsl/json.Scan
Returning: github.com/madlitz/go-dsl/json.parseArrayValue
Returning: github.com/madlitz/go-dsl/json.parseArrayValue
Returning: github.com/madlitz/go-dsl/json.parseArrayValue
Returning: github.com/madlitz/go-dsl/json.parseArrayValue
	Returning: github.com/madlitz/go-dsl/json.closeNode
Returning: github.com/madlitz/go-dsl/json.parseArray
Returning: github.com/madlitz/go-dsl/json.parseMember
Line 10:
	Returning: github.com/madlitz/go-dsl/json.skipWhitespace
	Returning: github.com/madlitz/go-dsl/json.Scan.func2
Returning: github.com/madlitz/go-dsl/json.Scan
	Returning: github.com/madlitz/go-dsl/json.closeNode
Returning: github.com/madlitz/go-dsl/json.parseObject
Returning: github.com/madlitz/go-dsl/json.Parse
