Line 1: 
Parsing: github.com/madlitz/dsl/examples/json.Parse
Expect Token (): [LBRACE LBRACKET] 
	Scanning: github.com/madlitz/dsl/examples/json.Scan
	Expect (Optional Multiple ) Rune: [WS TAB NL CR] Range: [] 
	Expect (Optional ) Rune: [{ } [ ] : , "] Range: [0-9 a-z A-Z] Pos:2 Found: {
		Scanning: github.com/madlitz/dsl/examples/json.Scan.func1
		Matched: LBRACE - {
		Returning: github.com/madlitz/dsl/examples/json.Scan.func1
	Returning: github.com/madlitz/dsl/examples/json.Scan
Found: LBRACE
	Parsing: github.com/madlitz/dsl/examples/json.parseObject
	AST Skip Token: LBRACE - {, 
	AST Add Node: OBJECT
	Peek: [[STRING], ] 
		Scanning: github.com/madlitz/dsl/examples/json.Scan
		Expect (Optional Multiple ) Rune: [WS TAB NL CR] Range: [] Pos:1 Found: NL
Line 2:
			Scanning: github.com/madlitz/dsl/examples/json.skipWhitespace
			Skip Rune: NL, 
			Returning: github.com/madlitz/dsl/examples/json.skipWhitespace
		Expect (Optional ) Rune: [{ } [ ] : , "] Range: [0-9 a-z A-Z] Pos:2 Found: "
			Scanning: github.com/madlitz/dsl/examples/json.stringLiteral
			Skip Rune: ", 
			ExpectNot (Optional Multiple ) Rune: ["] Range: [] , k, e, y, 1
			Matched: STRING - key1
			Expect () Rune: ["] Range: [] 
			Already Matched. Skipping.
			Skip Rune: 1, 
			Returning: github.com/madlitz/dsl/examples/json.stringLiteral
		Returning: github.com/madlitz/dsl/examples/json.Scan
		Parsing: github.com/madlitz/dsl/examples/json.parseMember
		Expect Token (): [STRING] 
		Found: STRING
		AST Add Node: MEMBER
		AST Add Tokens: STRING - key1, 
		Expect Token (): [COLON] 
			Scanning: github.com/madlitz/dsl/examples/json.Scan
			Expect (Optional Multiple ) Rune: [WS TAB NL CR] Range: [] 
			Expect (Optional ) Rune: [{ } [ ] : , "] Range: [0-9 a-z A-Z] Pos:7 Found: "
				Scanning: github.com/madlitz/dsl/examples/json.stringLiteral
				Skip Rune: ", 
				ExpectNot (Optional Multiple ) Rune: ["] Range: [] , :, WS
				Matched: STRING - : 
				Expect () Rune: ["] Range: [] 
				Already Matched. Skipping.
				Skip Rune: WS, 
				Returning: github.com/madlitz/dsl/examples/json.stringLiteral
			Returning: github.com/madlitz/dsl/examples/json.Scan
***found [STRING], expected any of [COLON]
		AST Skip Token: 
***Warning: No Tokens to Skip
		Expect Token (): [STRING NUMBER TRUE FALSE NULL LBRACE LBRACKET] 
		Skipping Expect as error already found.
		AST Walk Up
		Returning: github.com/madlitz/dsl/examples/json.parseMember
	Expect Token (Optional Multiple Skip ): [COMMA] 
	Skipping Expect as error already found.
	Expect Token (): [RBRACE] 
	Skipping Expect as error already found.
	Returning: github.com/madlitz/dsl/examples/json.parseObject
Returning: github.com/madlitz/dsl/examples/json.Parse
